2025-07-04 17:14:31,972 - INFO - main_runner - 中央日志系统已成功配置，将同时输出到文件和终端。
2025-07-04 17:14:31,973 - INFO - main_runner - 报表生成流程开始...
2025-07-04 17:14:31,973 - INFO - main_runner - D:\python脚本合集\0审计自动化——审计报告生成\git-vault\离任审计脚本\output\output.xlsx 未找到，首先运行 legacy_runner 生成...
2025-07-04 17:14:32,482 - INFO - main_runner - 步骤 1: 提取原始 summary_values...
2025-07-04 17:14:32,600 - INFO - main_runner - 步骤 2: 计算原始收支汇总...
2025-07-04 17:14:33,055 - INFO - biz - 成功加载并解析收支配置及审计期间 (2021年9月至2025年11月)。
2025-07-04 17:14:33,055 - INFO - biz - 正在处理Sheet: 2021业务活动表 (年份: 2021)...
2025-07-04 17:14:33,082 - INFO - biz - 正在处理Sheet: 2022业务活动表 (年份: 2022)...
2025-07-04 17:14:33,085 - INFO - biz - 正在处理Sheet: 2023业务活动表 (年份: 2023)...
2025-07-04 17:14:33,086 - INFO - biz - 正在处理Sheet: 2024业务活动表 (年份: 2024)...
2025-07-04 17:14:33,088 - INFO - biz - 正在处理Sheet: 2025业务活动表 (年份: 2025)...
2025-07-04 17:14:33,205 - INFO - main_runner - 步骤 3: 对所有数值进行最终格式化，用于文字注入...
2025-07-04 17:14:33,205 - INFO - main_runner - 最终待注入的 summary_values (已格式化): {'单位名称': '联合会新', '审计期间': '2021年9月至2025年11月', '起始日期': '2021年9月1日', '终止日期': '2025年11月30日', '期初资产总额': '79,325.47', '期末资产总额': '116,759.94', '资产总额增减': '37,434.47', '期初负债总额': '20,000.00', '期末负债总额': '112,000.00', '负债总额增减': '92,000.00', '期初净资产总额': '59,325.47', '期末净资产总额': '4,759.94', '净资产总额增减': '54,565.53', '资产变化方向': '增长', '负债变化方向': '增长', '净资产变化方向': '减少', '收入汇总': '707,600.00', '支出汇总': '762,165.53', '收支结余汇总': '-54,565.53'}
2025-07-04 17:14:33,205 - INFO - main_runner - 步骤 4: 填充'资产负债变动' Sheet...
2025-07-04 17:14:33,205 - INFO - table_injector - 成功定位到目标Sheet: '资产负债变动'
2025-07-04 17:14:33,341 - INFO - table_injector - 开始向 '资产负债变动' Sheet注入Table 1...
2025-07-04 17:14:33,342 - INFO - table_injector - 开始向 '资产负债变动' Sheet注入Table 2...
2025-07-04 17:14:33,343 - INFO - table_injector - 开始向 '资产负债变动' Sheet注入Table 3...
2025-07-04 17:14:33,343 - INFO - table3 - 进入 inject_table3 函数
2025-07-04 17:14:33,344 - INFO - table3 - 开始从'合计公式配置'注入求和公式...
2025-07-04 17:14:33,364 - INFO - table3 - inject_table3 函数执行完毕。
2025-07-04 17:14:33,365 - INFO - table_injector - '资产负债变动' Sheet数据注入完成。
2025-07-04 17:14:33,365 - INFO - main_runner - 步骤 5: 填充'收入汇总'和'支出汇总' Sheet...
2025-07-04 17:14:33,384 - INFO - biz - 已成功将数据注入到 '收入汇总' Sheet。
2025-07-04 17:14:33,385 - INFO - biz - 已成功将数据注入到 '支出汇总' Sheet。
2025-07-04 17:14:33,386 - INFO - main_runner - 步骤 6: 渲染并注入最终说明文字...
2025-07-04 17:14:33,434 - INFO - text_renderer - 文字已成功准备注入到 支出汇总!H1
2025-07-04 17:14:33,435 - INFO - main_runner - 开始对Sheet列表应用智能全局数字格式...
2025-07-04 17:14:33,435 - INFO - main_runner -   -> 为'资产负债变动'应用标准汇总格式规则...
2025-07-04 17:14:33,438 - INFO - main_runner -   -> 为'收入汇总'应用标准汇总格式规则...
2025-07-04 17:14:33,439 - INFO - main_runner -   -> 为'支出汇总'应用标准汇总格式规则...
2025-07-04 17:14:33,441 - INFO - main_runner -   -> 跳过'2021资产负债表'，保留原始格式。
2025-07-04 17:14:33,441 - INFO - main_runner -   -> 为'2021业务活动表'应用业务活动表格式规则...
2025-07-04 17:14:33,442 - INFO - main_runner -   -> 跳过'2022资产负债表'，保留原始格式。
2025-07-04 17:14:33,442 - INFO - main_runner -   -> 为'2022业务活动表'应用业务活动表格式规则...
2025-07-04 17:14:33,443 - INFO - main_runner -   -> 跳过'2023资产负债表'，保留原始格式。
2025-07-04 17:14:33,443 - INFO - main_runner -   -> 为'2023业务活动表'应用业务活动表格式规则...
2025-07-04 17:14:33,444 - INFO - main_runner -   -> 跳过'2024资产负债表'，保留原始格式。
2025-07-04 17:14:33,444 - INFO - main_runner -   -> 为'2024业务活动表'应用业务活动表格式规则...
2025-07-04 17:14:33,445 - INFO - main_runner -   -> 跳过'2025资产负债表'，保留原始格式。
2025-07-04 17:14:33,448 - INFO - main_runner -   -> 为'2025业务活动表'应用业务活动表格式规则...
2025-07-04 17:14:33,518 - INFO - main_runner - ✅ 报表已完成，所有内容已写入：D:\python脚本合集\0审计自动化——审计报告生成\git-vault\离任审计脚本\output\final_report.xlsx
